1.surf_aircontrol_ksf__,Tier1,Bonus:BONUS1
2.surf_ameliorate,Tier1,Bonus:BONUS1,BONUS2
3.surf_andromeda,Tier1,Bonus:BONUS1
4.surf_and_destroy,Tier1,Bonus:BONUS1
5.surf_apollo,Tier1,Bonus:BONUS1,BONUS2,BONUS3,BONUS4,BONUS5,BONUS6
6.surf_artois,Tier1,Bonus:BONUS3,BONUS4,BONUS5
7.surf_aura,Tier1,Bonus:BONUS4,BONUS6,BONUS7,BONUS8
8.surf_autism,Tier1,Bonus:BONUS1,BONUS2
9.surf_bonkers_v2,Tier1,Bonus:BONUS1,BONUS2,BONUS3,BONUS4
10.surf_boomer,Tier1,Bonus:BONUS1
11.surf_botanica,Tier1,Bonus:BONUS1,BONUS2,BONUS3,BONUS4,BONUS5,BONUS6
12.surf_calycate2,Tier1,Bonus:BONUS1
13.surf_calycate_ksf,Tier1,Bonus:BONUS1
14.surf_calzone,Tier1,Bonus:BONUS1
15.surf_colum_2,Tier1,Bonus:BONUS1
16.surf_corner,Tier1
17.surf_deoa,Tier1
18.surf_easy1,Tier1,Bonus:BONUS1
19.surf_easy2,Tier1,Bonus:BONUS1,BONUS2,BONUS3,BONUS4
20.surf_egypt2,Tier1,Bonus:BONUS1
21.surf_elites_v2_fix,Tier1,Bonus:BONUS1
22.surf_enlightened,Tier1,Bonus:BONUS1,BONUS2,BONUS3,BONUS4,BONUS5,BONUS6,BONUS7,BONUS8
23.surf_escape_final,Tier1,Bonus:BONUS1
24.surf_eventide,Tier1,Bonus:BONUS1
25.surf_extend,Tier1,Bonus:BONUS1,BONUS2,BONUS3
26.surf_forgotten_fix,Tier1,Bonus:BONUS1,BONUS2,BONUS3,BONUS4,BONUS5,BONUS6
27.surf_fornax,Tier1,Bonus:BONUS1,BONUS2,BONUS3,BONUS4,BONUS5,BONUS6,BONUS7
28.surf_frost,Tier1,Bonus:BONUS1,BONUS2,BONUS3,BONUS4,BONUS5,BONUS6,BONUS7,BONUS8
29.surf_funhouse_fix_,Tier1
30.surf_gekyume_circumcision,Tier1,Bonus:BONUS1
31.surf_het,Tier1,Bonus:BONUS1,BONUS2,BONUS3,BONUS4
32.surf_kepler,Tier1,Bonus:BONUS2
33.surf_lament_n2p,Tier1,Bonus:BONUS1
34.surf_lianfora,Tier1,Bonus:BONUS1
35.surf_lighrust_easy,Tier1,Bonus:BONUS1
36.surf_listless,Tier1,Bonus:BONUS3,BONUS4
37.surf_lo_tek,Tier1,Bonus:BONUS1,BONUS2
38.surf_mayday,Tier1,Bonus:BONUS1
39.surf_mom_fix,Tier1,Bonus:BONUS1
40.surf_moonkingdom,Tier1,Bonus:BONUS3,BONUS4
41.surf_newsflash_pal,Tier1,Bonus:BONUS1,BONUS2
42.surf_ninja_go_b5,Tier1
43.surf_nuclear,Tier1,Bonus:BONUS2
44.surf_nyx,Tier1,Bonus:BONUS3
45.surf_n_turf,Tier1,Bonus:BONUS1,BONUS2,BONUS3
46.surf_pantheon,Tier1,Bonus:BONUS1,BONUS2,BONUS3
47.surf_perennial_v2,Tier1,Bonus:BONUS1,BONUS2,BONUS3
48.surf_ravine_go,Tier1,Bonus:BONUS1,BONUS2,BONUS3,BONUS4
49.surf_reblis_final,Tier1,Bonus:BONUS1
50.surf_reprise,Tier1,Bonus:BONUS1,BONUS2
51.surf_road_to_hell,Tier1,Bonus:BONUS1,BONUS2,BONUS3,BONUS4,BONUS5
52.surf_runner,Tier1,Bonus:BONUS1,BONUS2,BONUS3,BONUS4
53.surf_sanctuary,Tier1,Bonus:BONUS1,BONUS2,BONUS3
54.surf_school_kzg,Tier1,Bonus:BONUS1
55.surf_sewertunnel,Tier1,Bonus:BONUS1,BONUS2,BONUS3,BONUS4,BONUS5
56.surf_sodacity,Tier1,Bonus:BONUS3,BONUS4,BONUS5,BONUS6
57.surf_starfire_csgo,Tier1,Bonus:BONUS1,BONUS2,BONUS3
58.surf_summit,Tier1,Bonus:BONUS1,BONUS2,BONUS3
59.surf_tendies,Tier1,Bonus:BONUS1,BONUS2,BONUS3
60.surf_tenzo,Tier1,Bonus:BONUS1
61.surf_themeless,Tier1,Bonus:BONUS3
62.surf_thicket,Tier1,Bonus:BONUS1,BONUS2
63.surf_trance_ksf,Tier1,Bonus:BONUS1
64.surf_treasurehunt_go,Tier1,Bonus:BONUS2
65.surf_uhhh_fix,Tier1,Bonus:BONUS1,BONUS2
66.surf_water-run_b5_refix,Tier2,Bonus:BONUS1,BONUS2
67.surf_2pacisalive,Tier2,Bonus:BONUS1
68.surf_4head_csgo,Tier2,Bonus:BONUS1,BONUS2,BONUS3,BONUS4
69.surf_8bit,Tier2,Bonus:BONUS1
70.surf_abandoned,Tier2,Bonus:BONUS4
71.surf_abstract_final,Tier2,Bonus:BONUS1,BONUS2
72.surf_ace_fix,Tier2,Bonus:BONUS1
73.surf_activation,Tier2,Bonus:BONUS1,BONUS2,BONUS3,BONUS4
74.surf_agony_go,Tier2,Bonus:BONUS1
75.surf_amir,Tier2,Bonus:BONUS1
76.surf_amplitude_encore_nsf_v4	Tier2
77.surf_amplitude_light,Tier2
78.surf_annoyance_njv,Tier2
79.surf_anoobis,Tier2,Bonus:BONUS1,BONUS2,BONUS3,BONUS4,BONUS5,BONUS6,BONUS7,BONUS8,BONUS9,BONUS10
80.surf_anzchamps,Tier2,Bonus:BONUS1
81.surf_aquaflow,Tier2,Bonus:BONUS1,BONUS2
82.surf_aqua_fix,Tier2,Bonus:BONUS1
83.surf_arcade,Tier2,Bonus:BONUS1
84.surf_ardon_refix,Tier2,Bonus:BONUS3,BONUS4,BONUS5,BONUS6
85.surf_atrium,Tier2,Bonus:BONUS1
86.surf_beginner2,Tier2,Bonus:BONUS1,BONUS2,BONUS3,BONUS4
87.surf_believe_fix,Tier2,Bonus:BONUS1,BONUS3
88.surf_benevolent,Tier2,Bonus:BONUS1
89.surf_beverages_remix_go,Tier2,Bonus:BONUS1,BONUS2,BONUS3,BONUS4
90.surf_boy_fixed,Tier2,Bonus:BONUS1,BONUS2,BONUS3
91.surf_caged,Tier2,Bonus:BONUS2,BONUS3,BONUS4
92.surf_cavemissile_fix,Tier2,Bonus:BONUS1,BONUS2,BONUS3,BONUS4
93.surf_classics2,Tier2
94.surf_classics3,Tier2,Bonus:BONUS1,BONUS2,BONUS3,BONUS4,BONUS5,BONUS6,BONUS7,BONUS8,BONUS9,BONUS10,BONUS11
95.surf_concreteideas,Tier2,Bonus:BONUS1
96.surf_crackdesert_evo2,Tier2,Bonus:BONUS1,BONUS2,BONUS3
97.surf_crownroyal,Tier2,Bonus:BONUS1,BONUS2,BONUS3
98.surf_cyberwave,Tier2,Bonus:BONUS1
99.surf_deadline,Tier2,Bonus:BONUS1,BONUS2
100.surf_delight_go,Tier2,Bonus:BONUS1,BONUS2,BONUS3
101.surf_destruction,Tier2
102.surf_devs,Tier2,Bonus:BONUS1,BONUS2,BONUS3
103.surf_dojo_,Tier2,Bonus:BONUS1,BONUS2,BONUS3,BONUS4,BONUS5
104.surf_domain,Tier2,Bonus:BONUS1,BONUS2
105.surf_duggywuggy,Tier2,Bonus:BONUS1
106.surf_ebony,Tier2,Bonus:BONUS1,BONUS2,BONUS3,BONUS4
107.surf_echo,Tier2,Bonus:BONUS3
108.surf_epicube_ksf,Tier2,Bonus:BONUS1,BONUS2
109.surf_ethereal,Tier2,Bonus:BONUS1,BONUS2
110.surf_exurbia_v2,Tier2,Bonus:BONUS1
111.surf_ezpz_fifiedition,Tier2
112.surf_fiellu,Tier2,Bonus:BONUS1,BONUS2,BONUS3,BONUS4
113.surf_flipv2_go,Tier2,Bonus:BONUS1
114.surf_frey_remake_go,Tier2,Bonus:BONUS1,BONUS2
115.surf_fruits,Tier2,Bonus:BONUS1
116.surf_fuckyall,Tier2,Bonus:BONUS1
117.surf_funhouse2,Tier2,Bonus:BONUS1,BONUS2,BONUS3,BONUS4,BONUS5,BONUS6,BONUS7
118.surf_giza,Tier2,Bonus:BONUS1,BONUS2,BONUS3,BONUS4,BONUS5,BONUS6,BONUS7
119.surf_gleam,Tier2,Bonus:BONUS1,BONUS2
120.surf_gleam2,Tier2,Bonus:BONUS1,BONUS2,BONUS3,BONUS4
121.surf_gloom_njv,Tier2
122.surf_gradient,Tier2
123.surf_graphia,Tier2,Bonus:BONUS1
124.surf_greece,Tier2,Bonus:BONUS1
125.surf_greek,Tier2,Bonus:BONUS1,BONUS2,BONUS3,BONUS4
126.surf_half_baked,Tier2,Bonus:BONUS1
127.surf_happyhands_test,Tier2,Bonus:BONUS1,BONUS2
128.surf_harmony,Tier2,Bonus:BONUS1,BONUS2,BONUS3
129.surf_haze,Tier2,Bonus:BONUS1,BONUS2
130.surf_hellscape,Tier2,Bonus:BONUS1,BONUS2,BONUS3,BONUS4
131.surf_holiday,Tier2
132.surf_hotrod,Tier2,Bonus:BONUS1,BONUS2
133.surf_hotwheels,Tier2,Bonus:BONUS1,BONUS2,BONUS3,BONUS4,BONUS5,BONUS6,BONUS7,BONUS8
134.surf_illusion,Tier2,Bonus:BONUS1,BONUS2,BONUS3
135.surf_ing_njv,Tier2,Bonus:BONUS1,BONUS2
136.surf_inspire,Tier2,Bonus:BONUS1
137.surf_instantdeath,Tier2,Bonus:BONUS1,BONUS2,BONUS3,BONUS4
138.surf_in_space_go,Tier2,Bonus:BONUS1
139.surf_in_the_dark,Tier2,Bonus:BONUS1,BONUS2
140.surf_ivory,Tier2,Bonus:BONUS1,BONUS2,BONUS3
141.surf_jenocide,Tier2,Bonus:BONUS1
142.surf_juturna,Tier2,Bonus:BONUS1
143.surf_kloakk,Tier2,Bonus:BONUS1,BONUS2,BONUS3,BONUS4
144.surf_klue,Tier2,Bonus:BONUS1
145.surf_korn,Tier2,Bonus:BONUS1,BONUS2,BONUS3
146.surf_krow10,Tier2,Bonus:BONUS1
147.surf_kvas,Tier2,Bonus:BONUS1,BONUS2,BONUS3,BONUS4
148.surf_kz_mix_journeys,Tier2,Bonus:BONUS1,BONUS2,BONUS3,BONUS4,BONUS5
149.surf_kz_protraining,Tier2,Bonus:BONUS1,BONUS2,BONUS3,BONUS4
150.surf_lessons,Tier2,Bonus:BONUS1,BONUS2,BONUS3
151.surf_lockdown,Tier2,Bonus:BONUS1,BONUS2
152.surf_lore_fix,Tier2,Bonus:BONUS1,BONUS2
153.surf_lullaby_redone_njv,Tier2,Bonus:BONUS1,BONUS2
154.surf_luminaris,Tier2,Bonus:BONUS1,BONUS2,BONUS3,BONUS4,BONUS5,BONUS6
155.surf_mate,Tier2,Bonus:BONUS1,BONUS2,BONUS3,BONUS4,BONUS5
156.surf_me,Tier2,Bonus:BONUS2,BONUS3,BONUS4
157.surf_meme,Tier2,Bonus:BONUS1,BONUS2
158.surf_mesa_mine,Tier2,Bonus:BONUS1
159.surf_minecraft_2016_final	Tier2,Bonus:BONUS1,BONUS2,BONUS3
160.surf_minecraft_2020,Tier2,Bonus:BONUS1,BONUS2,BONUS3
161.surf_mjk,Tier2
162.surf_nebula,Tier2,Bonus:BONUS1,BONUS2,BONUS3
163.surf_nibiru,Tier2,Bonus:BONUS1,BONUS3
164.surf_noble_csgo,Tier2,Bonus:BONUS1
165.surf_not_so_hentai,Tier2,Bonus:BONUS1,BONUS2,BONUS3
166.surf_nova,Tier2,Bonus:BONUS1,BONUS2,BONUS3
167.surf_ny_platinum,Tier2,Bonus:BONUS1
168.surf_oasis,Tier2,Bonus:BONUS1,BONUS2
169.surf_odyssey_fixed,Tier2
170.surf_oma,Tier2,Bonus:BONUS1
171.surf_opus,Tier2,Bonus:BONUS1,BONUS4
172.surf_orthodox_fix,Tier2,Bonus:BONUS4
173.surf_outside,Tier2,Bonus:BONUS1,BONUS2,BONUS3,BONUS4,BONUS5,BONUS6
174.surf_paddy,Tier2,Bonus:BONUS1,BONUS2
175.surf_palm_fix,Tier2,Bonus:BONUS1,BONUS2
176.surf_papertown,Tier2,Bonus:BONUS1,BONUS2,BONUS3,BONUS4,BONUS5
177.surf_pari_skill,Tier2,Bonus:BONUS1,BONUS2
178.surf_pathfinder,Tier2
179.surf_pinkcubes_fix,Tier2,Bonus:BONUS1
180.surf_premium,Tier2,Bonus:BONUS1,BONUS2
181.surf_psycho_njv,Tier2,Bonus:BONUS1,BONUS2
182.surf_quirky,Tier2,Bonus:BONUS1,BONUS2,BONUS3,BONUS4,BONUS5,BONUS6,BONUS7,BONUS8
183.surf_rainbow,Tier2,Bonus:BONUS1
184.surf_rez,Tier2,Bonus:BONUS1,BONUS2
185.surf_roomservice_2,Tier2
186.surf_sandtrap,Tier2,Bonus:BONUS1,BONUS2,BONUS3
187.surf_sandtrap2,Tier2,Bonus:BONUS1,BONUS2,BONUS3,BONUS4
188.surf_saturday_fix,Tier2,Bonus:BONUS1,BONUS2
189.surf_scorch_go,Tier2,Bonus:BONUS1,BONUS2,BONUS3
190.surf_semesterbreak_fix,Tier2,Bonus:BONUS1,BONUS2
191.surf_simpsons_go_rc2,Tier2,Bonus:BONUS1,BONUS2,BONUS3,BONUS4
192.surf_skipalot,Tier2,Bonus:BONUS1,BONUS2,BONUS3,BONUS4
193.surf_skyborn,Tier2,Bonus:BONUS1
194.surf_slob,Tier2,Bonus:BONUS1
195.surf_sos,Tier2,Bonus:BONUS1,BONUS2,BONUS3,BONUS4
196.surf_spacejam,Tier2,Bonus:BONUS1
197.surf_squirrelsonvacation,Tier2,Bonus:BONUS1
198.surf_stonks,Tier2,Bonus:BONUS1,BONUS2
199.surf_surprise,Tier2,Bonus:BONUS1,BONUS2
200.surf_the_gloaming_rat,Tier2,Bonus:BONUS1
201.surf_tiltberg,Tier2,Bonus:BONUS2,BONUS3,BONUS4,BONUS5,BONUS6
202.surf_timber,Tier2,Bonus:BONUS1
203.surf_torrent_njv_fix,Tier2,Bonus:BONUS1
204.surf_tranquil,Tier2,Bonus:BONUS1,BONUS2,BONUS3
205.surf_tranquility,Tier2,Bonus:BONUS1,BONUS2,BONUS3
206.surf_tropic,Tier2,Bonus:BONUS1,BONUS2,BONUS3,BONUS4,BONUS5,BONUS6
207.surf_tuscany_go,Tier2,Bonus:BONUS1,BONUS2,BONUS3,BONUS4
208.surf_twilight,Tier2,Bonus:BONUS2
209.surf_unknown,Tier2
210.surf_vegetables_fix_,Tier2,Bonus:BONUS1
211.surf_volvic,Tier2,Bonus:BONUS1,BONUS2
212.surf_wasteland2,Tier2,Bonus:BONUS1,BONUS2,BONUS3,BONUS4,BONUS5
213.surf_wonky_fix,Tier2,Bonus:BONUS1,BONUS2
214.surf_wood,Tier2,Bonus:BONUS1
215.surf_yasukuni_fix,Tier2,Bonus:BONUS1,BONUS2,BONUS3,BONUS4,BONUS5,BONUS6
216.surf_zealand,Tier2,Bonus:BONUS1,BONUS2
217.surf_zenith,Tier3,Bonus:BONUS1
218.surf_004_fix,Tier3,Bonus:BONUS1
219.surf_1day,Tier3,Bonus:BONUS1
220.surf_2012_beta12,Tier3,Bonus:BONUS1
221.surf_3,Tier3
222.surf_6,Tier3,Bonus:BONUS1
223.surf_a,Tier3
224.surf_adtr_njv,Tier3,Bonus:BONUS1
225.surf_advanced,Tier3,Bonus:BONUS1
226.surf_aeron,Tier3,Bonus:BONUS1
227.surf_amaranthine,Tier3
228.surf_amateur_v2b_,Tier3,Bonus:BONUS1
229.surf_amplitude_apex_njv,Tier3
230.surf_ancient,Tier3,Bonus:BONUS1,BONUS2,BONUS3
231.surf_animals,Tier3,Bonus:BONUS1
232.surf_anthropomorphic-,Tier3,Bonus:BONUS1
233.surf_anything,Tier3,Bonus:BONUS1,BONUS2
234.surf_aspiration,Tier3
235.surf_ataque_final,Tier3
236.surf_auroia_njv,Tier3,Bonus:BONUS1
237.surf_auroria_2,Tier3,Bonus:BONUS1
238.surf_awakening,Tier3,Bonus:BONUS1
239.surf_axiom2,Tier3,Bonus:BONUS1
240.surf_axiom_fix,Tier3,Bonus:BONUS1,BONUS2,BONUS3,BONUS4
241.surf_bazzi_sneak,Tier3,Bonus:BONUS1,BONUS2,BONUS3
242.surf_bbb,Tier3,Bonus:BONUS1,BONUS2
243.surf_beginner_hell,Tier3,Bonus:BONUS1
244.surf_beneath,Tier3,Bonus:BONUS1,BONUS2,BONUS3
245.surf_be_gentle,Tier3,Bonus:BONUS1,BONUS2
246.surf_blackout_v1,Tier3
247.surf_bob,Tier3,Bonus:BONUS1
248.surf_borderlands_h,Tier3
249.surf_boring,Tier3
250.surf_bork_nbv,Tier3,Bonus:BONUS1
251.surf_brother,Tier3,Bonus:BONUS1,BONUS2,BONUS3,BONUS4
252.surf_brutalist_ez,Tier3,Bonus:BONUS1
253.surf_bumpybusride,Tier3,Bonus:BONUS1
254.surf_canisius2,Tier3
255.surf_cartoon,Tier3,Bonus:BONUS1
256.surf_catalyst,Tier3
257.surf_catalyst2,Tier3
258.surf_christmas_fix,Tier3,Bonus:BONUS1,BONUS2
259.surf_clujreek,Tier3,Bonus:BONUS1,BONUS2,BONUS3
260.surf_color_njv,Tier3,Bonus:BONUS1
261.surf_commune_again_beta5,Tier3
262.surf_commune_too_beta5,Tier3,Bonus:BONUS1,BONUS2
263.surf_compulsive_njv,Tier3
264.surf_concept_njv,Tier3
265.surf_coralis_ksf-,Tier3,Bonus:BONUS1,BONUS2
266.surf_cosmo_go,Tier3,Bonus:BONUS1,BONUS2
267.surf_creation,Tier3,Bonus:BONUS1
268.surf_crystal,Tier3,Bonus:BONUS1
269.surf_cyanide_njv,Tier3
270.surf_cyka_ksf,Tier3,Bonus:BONUS1,BONUS2
271.surf_dank,Tier3
272.surf_deceptive_final,Tier3,Bonus:BONUS1
273.surf_deprecation,Tier3,Bonus:BONUS1
274.surf_depressing,Tier3
275.surf_depths,Tier3,Bonus:BONUS1
276.surf_derpis_h,Tier3,Bonus:BONUS1
277.surf_destiny_fixed,Tier3
278.surf_deteriorate,Tier3
279.surf_dhyana_csgo,Tier3,Bonus:BONUS1,BONUS2
280.surf_diminsion_,Tier3,Bonus:BONUS1,BONUS2
281.surf_distraction_v2,Tier3
282.surf_diverge,Tier3,Bonus:BONUS1
283.surf_doodles_njv,Tier3,Bonus:BONUS1
284.surf_dova,Tier3,Bonus:BONUS1,BONUS2
285.surf_dragon,Tier3,Bonus:BONUS1
286.surf_dreams,Tier3,Bonus:BONUS1
287.surf_driftless_go,Tier3,Bonus:BONUS1
288.surf_dusk,Tier3,Bonus:BONUS1
289.surf_dynasty,Tier3,Bonus:BONUS1
290.surf_ecosystem,Tier3
291.surf_elements_beta3,Tier3,Bonus:BONUS1
292.surf_ember_sns,Tier3
293.surf_ephemeral,Tier3,Bonus:BONUS1,BONUS2,BONUS3,BONUS4,BONUS5
294.surf_epic,Tier3,Bonus:BONUS1
295.surf_epithet,Tier3,Bonus:BONUS1,BONUS2
296.surf_eunoia,Tier3,Bonus:BONUS1,BONUS2,BONUS3
297.surf_execute,Tier3,Bonus:BONUS1,BONUS2,BONUS3
298.surf_exogenesis,Tier3,Bonus:BONUS1
299.surf_extremex,Tier3
300.surf_exxak,Tier3
301.surf_ezclap,Tier3,Bonus:BONUS1
302.surf_facility,Tier3,Bonus:BONUS1,BONUS2,BONUS3,BONUS4
303.surf_faint_fix,Tier3,Bonus:BONUS1,BONUS2
304.surf_fast,Tier3,Bonus:BONUS1,BONUS2
305.surf_fathom,Tier3,Bonus:BONUS1
306.surf_flatliners,Tier3,Bonus:BONUS1
307.surf_flyin_fortress,Tier3,Bonus:BONUS1
308.surf_forbidden_swag,Tier3
309.surf_forbidden_tomb_sns,Tier3
310.surf_four_elements,Tier3
311.surf_fractal,Tier3,Bonus:BONUS1,BONUS2
312.surf_frequency_njv,Tier3,Bonus:BONUS1,BONUS2
313.surf_frey2_go,Tier3,Bonus:BONUS1
314.surf_friday_csgo,Tier3,Bonus:BONUS1
315.surf_froots_go,Tier3,Bonus:BONUS1,BONUS2,BONUS3,BONUS4,BONUS5,BONUS6,BONUS7
316.surf_fruits2,Tier3,Bonus:BONUS1
317.surf_furios,Tier3,Bonus:BONUS1
318.surf_gauntlet_final,Tier3
319.surf_gekar,Tier3,Bonus:BONUS1,BONUS2
320.surf_globalchaos,Tier3,Bonus:BONUS1
321.surf_glorious,Tier3,Bonus:BONUS1,BONUS2
322.surf_golden_a,Tier3,Bonus:BONUS1,BONUS2,BONUS3
323.surf_grotto,Tier3,Bonus:BONUS1,BONUS2,BONUS3
324.surf_gudrun,Tier3,Bonus:BONUS1,BONUS2,BONUS3
325.surf_happyhands2,Tier3,Bonus:BONUS1,BONUS2,BONUS3,BONUS4,BONUS5
326.surf_happyhands3,Tier3,Bonus:BONUS1,BONUS2,BONUS3
327.surf_happyhands4,Tier3,Bonus:BONUS1,BONUS2
328.surf_happyhands5,Tier3,Bonus:BONUS1,BONUS2
329.surf_healthy_e,Tier3,Bonus:BONUS1
330.surf_heaven,Tier3,Bonus:BONUS1
331.surf_heliosphere,Tier3
332.surf_hellenic_csgo,Tier3,Bonus:BONUS1
333.surf_hob,Tier3,Bonus:BONUS1,BONUS2
334.surf_huh,Tier3,Bonus:BONUS1,BONUS2,BONUS3,BONUS4,BONUS5,BONUS6
335.surf_hydrogen_v2_njv,Tier3
336.surf_iceworld,Tier3,Bonus:BONUS1
337.surf_illumination,Tier3,Bonus:BONUS1,BONUS2,BONUS3,BONUS4,BONUS5,BONUS6
338.surf_imagine_fix,Tier3
339.surf_imex_njv,Tier3
340.surf_impact_njv,Tier3
341.surf_industries,Tier3
342.surf_infected_njv,Tier3
343.surf_injection_njv,Tier3,Bonus:BONUS1
344.surf_inner,Tier3,Bonus:BONUS1
345.surf_inrage-,Tier3
346.surf_insideout,Tier3
347.surf_insignia_b1,Tier3
348.surf_jaqen,Tier3,Bonus:BONUS1,BONUS2,BONUS3
349.surf_jaqen2,Tier3,Bonus:BONUS1,BONUS2,BONUS3
350.surf_jive,Tier3,Bonus:BONUS1,BONUS2
351.surf_journeys_final,Tier3,Bonus:BONUS1,BONUS2,BONUS3
352.surf_junglespic_ksf-,Tier3
353.surf_kaboom,Tier3,Bonus:BONUS1
354.surf_kawaii,Tier3
355.surf_kismet,Tier3,Bonus:BONUS1,BONUS2
356.surf_kitsune2_GO,Tier3,Bonus:BONUS1,BONUS2,BONUS3,BONUS4
357.surf_liberation,Tier3,Bonus:BONUS1
358.surf_liberation2,Tier3,Bonus:BONUS1,BONUS2
359.surf_lies_ksf,Tier3
360.surf_like_this,Tier3,Bonus:BONUS1,BONUS2,BONUS3,BONUS4
361.surf_lithium-,Tier3,Bonus:BONUS1
362.surf_lithium2,Tier3
363.surf_loentra_easy,Tier3,Bonus:BONUS1,BONUS2
364.surf_lolrevlis2,Tier3,Bonus:BONUS1
365.surf_lost2,Tier3,Bonus:BONUS1,BONUS2,BONUS3,BONUS4
366.surf_low_production,Tier3,Bonus:BONUS1,BONUS2
367.surf_lt_unicorn_official,Tier3,Bonus:BONUS1,BONUS2,BONUS3
368.surf_marbleblast_intermediate	Tier3,Bonus:BONUS1
369.surf_mario_fix,Tier3,Bonus:BONUS1,BONUS2,BONUS3,BONUS4
370.surf_masonry-,Tier3
371.surf_metalwall-,Tier3
372.surf_methadone,Tier3,Bonus:BONUS1,BONUS2
373.surf_midsommar,Tier3,Bonus:BONUS1,BONUS2,BONUS3,BONUS4
374.surf_milkyway,Tier3
375.surf_minigolf,Tier3,Bonus:BONUS1,BONUS2
376.surf_minimumwage,Tier3,Bonus:BONUS1
377.surf_miracle,Tier3,Bonus:BONUS1
378.surf_molstration,Tier3,Bonus:BONUS1
379.surf_monochrome,Tier3
380.surf_monotony,Tier3,Bonus:BONUS1,BONUS2
381.surf_mushroom,Tier3,Bonus:BONUS1
382.surf_mwag_reloaded,Tier3,Bonus:BONUS1,BONUS2,BONUS3,BONUS4,BONUS5
383.surf_mynah_final,Tier3
384.surf_nac,Tier3,Bonus:BONUS1,BONUS2
385.surf_networked_,Tier3
386.surf_network_2013,Tier3
387.surf_not_as_tropic,Tier3,Bonus:BONUS1,BONUS2,BONUS3,BONUS4,BONUS5
388.surf_not_so_disaster,Tier3,Bonus:BONUS1,BONUS2,BONUS3,BONUS4,BONUS5
389.surf_not_so_generated,Tier3,Bonus:BONUS1,BONUS2,BONUS3
390.surf_ny_advance_nsf_v2,Tier3
391.surf_n_bhop_beta1,Tier3,Bonus:BONUS1
392.surf_occur,Tier3,Bonus:BONUS1
393.surf_oddworld,Tier3,Bonus:BONUS1,BONUS2
394.surf_ofsfice,Tier3,Bonus:BONUS1
395.surf_olympics_sns,Tier3
396.surf_omnibus_sns,Tier3
397.surf_oompa_loompa_,Tier3
398.surf_orangewood,Tier3
399.surf_orbion_x,Tier3
400.surf_ori_l,Tier3
401.surf_pads,Tier3,Bonus:BONUS1,BONUS2,BONUS3,BONUS4,BONUS5
402.surf_pagoda,Tier3,Bonus:BONUS1,BONUS2,BONUS3
403.surf_palette_v2,Tier3
404.surf_pancake,Tier3,Bonus:BONUS1
405.surf_pandemonium,Tier3,Bonus:BONUS1,BONUS2
406.surf_paranoid_enigma,Tier3
407.surf_parc_colore,Tier3,Bonus:BONUS1,BONUS2,BONUS3,BONUS4
408.surf_parrot_selector,Tier3
409.surf_pavilion,Tier3
410.surf_perforated_restored,Tier3
411.surf_petrus,Tier3
412.surf_phantoml0rd_beta,Tier3
413.surf_pinkbash,Tier3
414.surf_plaguelands_beta7a,Tier3,Bonus:BONUS1
415.surf_plethora_fix,Tier3
416.surf_porn_fix,Tier3
417.surf_prevail,Tier3,Bonus:BONUS1
418.surf_princess,Tier3,Bonus:BONUS1
419.surf_prismatic_fix,Tier3,Bonus:BONUS1
420.surf_proliferation,Tier3,Bonus:BONUS1,BONUS2
421.surf_prolix,Tier3
422.surf_prosaic_njv,Tier3
423.surf_proximity_final,Tier3,Bonus:BONUS1
424.surf_psi,Tier3
425.surf_purgatory,Tier3,Bonus:BONUS1
426.surf_quantum_njv,Tier3
427.surf_quasar_njv,Tier3,Bonus:BONUS1
428.surf_queen_of_the_ween,Tier3,Bonus:BONUS1,BONUS2,BONUS3
429.surf_quickie,Tier3,Bonus:BONUS4,BONUS5
430.surf_quilavar-,Tier3
431.surf_rapid_njv,Tier3,Bonus:BONUS1
432.surf_razer_final,Tier3
433.surf_redemption_b1,Tier3
434.surf_refraxis,Tier3,Bonus:BONUS1,BONUS2
435.surf_retroartz_s,Tier3
436.surf_ripper,Tier3,Bonus:BONUS1
437.surf_rolly_fix,Tier3
438.surf_salvia,Tier3
439.surf_sandbrick,Tier3
440.surf_sanding,Tier3
441.surf_sandstorm2,Tier3,Bonus:BONUS1
442.surf_sanguine,Tier3,Bonus:BONUS1
443.surf_saya,Tier3,Bonus:BONUS1
444.surf_scarlet,Tier3,Bonus:BONUS1,BONUS2,BONUS3,BONUS4
445.surf_scientist,Tier3,Bonus:BONUS1,BONUS2,BONUS3,BONUS4,BONUS5,BONUS6
446.surf_sci_fi,Tier3
447.surf_sc_essence_v2_njv,Tier3,Bonus:BONUS1
448.surf_seaside,Tier3,Bonus:BONUS1,BONUS2,BONUS3
449.surf_seaworld_fix,Tier3
450.surf_sequoia,Tier3,Bonus:BONUS1,BONUS2,BONUS3
451.surf_serenity,Tier3,Bonus:BONUS1,BONUS2,BONUS3
452.surf_sh,Tier3
453.surf_shrug2_fix,Tier3,Bonus:BONUS1,BONUS2,BONUS3,BONUS4
454.surf_sinsane_ez_csgo,Tier3,Bonus:BONUS1
455.surf_sirius,Tier3,Bonus:BONUS1,BONUS2,BONUS3
456.surf_sketchy,Tier3,Bonus:BONUS1,BONUS2,BONUS3
457.surf_skill8_e,Tier3
458.surf_sky_ages,Tier3
459.surf_slob2,Tier3
460.surf_slobs,Tier3,Bonus:BONUS1,BONUS2
461.surf_smaragd,Tier3
462.surf_smile,Tier3
463.surf_something_serious,Tier3,Bonus:BONUS1,BONUS2,BONUS3,BONUS4
464.surf_sorf,Tier3,Bonus:BONUS1,BONUS2,BONUS3,BONUS4,BONUS5,BONUS6
465.surf_spaceship_ksf,Tier3,Bonus:BONUS1,BONUS2
466.surf_spectrum_njv,Tier3
467.surf_stagejuan_ksf_,Tier3,Bonus:BONUS1,BONUS2,BONUS3,BONUS4,BONUS5
468.surf_static,Tier3,Bonus:BONUS1
469.surf_stick,Tier3
470.surf_stickybutt_alpha,Tier3,Bonus:BONUS1
471.surf_strafe,Tier3,Bonus:BONUS1
472.surf_subway,Tier3,Bonus:BONUS1,BONUS2,BONUS3
473.surf_sunday,Tier3,Bonus:BONUS1,BONUS2,BONUS3
474.surf_sunset_njv,Tier3,Bonus:BONUS1
475.surf_swagtoast_final,Tier3,Bonus:BONUS1
476.surf_sylvan,Tier3,Bonus:BONUS1
477.surf_s_t_a_t_i_o_n,Tier3
478.surf_take1,Tier3,Bonus:BONUS1
479.surf_telstar,Tier3,Bonus:BONUS1
480.surf_tempest,Tier3,Bonus:BONUS1,BONUS2,BONUS3
481.surf_tempest2,Tier3,Bonus:BONUS1,BONUS2
482.surf_thembrium_sns,Tier3,Bonus:BONUS1
483.surf_theunexpected,Tier3,Bonus:BONUS1,BONUS2,BONUS3
484.surf_this_njv,Tier3
485.surf_tioga060,Tier3
486.surf_togo_njv,Tier3,Bonus:BONUS1
487.surf_tomb_redone,Tier3
488.surf_torque2_njv,Tier3,Bonus:BONUS1
489.surf_torque_,Tier3,Bonus:BONUS1,BONUS2
490.surf_trihard_go,Tier3,Bonus:BONUS1,BONUS2
491.surf_tronia_njv,Tier3,Bonus:BONUS1,BONUS2
492.surf_tron_njv,Tier3
493.surf_two_colour,Tier3
494.surf_ultimatum,Tier3
495.surf_undergrowth,Tier3,Bonus:BONUS1,BONUS2,BONUS3
496.surf_unraveled,Tier3,Bonus:BONUS1
497.surf_vale,Tier3,Bonus:BONUS1
498.surf_vale2,Tier3,Bonus:BONUS1
499.surf_velocity_nsf,Tier3,Bonus:BONUS1
500.surf_vitun_rotta,Tier3,Bonus:BONUS1,BONUS2,BONUS3,BONUS4
501.surf_voteforthisone,Tier3,Bonus:BONUS1,BONUS2
502.surf_wank,Tier3,Bonus:BONUS1
503.surf_warped,Tier3,Bonus:BONUS1,BONUS2,BONUS3
504.surf_wasteland_fix,Tier3,Bonus:BONUS1,BONUS2,BONUS3
505.surf_wazor,Tier3
506.surf_wicked,Tier3,Bonus:BONUS1,BONUS2,BONUS3
507.surf_wisdom,Tier3
508.surf_wizard,Tier3,Bonus:BONUS1,BONUS2,BONUS3
509.surf_yellow,Tier3,Bonus:BONUS1,BONUS2,BONUS3,BONUS4
510.surf_zbig2,Tier3,Bonus:BONUS1,BONUS2
511.surf_zbig_rc2,Tier3,Bonus:BONUS1,BONUS2
512.surf_zeitgeist,Tier3,Bonus:BONUS1,BONUS2,BONUS3,BONUS4
513.surf_zion,Tier3
514.surf_zoomboys_csgo,Tier4,Bonus:BONUS1,BONUS2
515.surf_29palms,Tier4,Bonus:BONUS1,BONUS2
516.surf_4dimensional,Tier4,Bonus:BONUS1
517.surf_abstinens,Tier4
518.surf_abyss_fix,Tier4
519.surf_adrift,Tier4,Bonus:BONUS1
520.surf_adventure_final,Tier4,Bonus:BONUS1,BONUS2,BONUS3,BONUS4,BONUS5,BONUS6,BONUS7
521.surf_airflow,Tier4,Bonus:BONUS1
522.surf_alend,Tier4
523.surf_ambient_njv,Tier4
524.surf_android_csgo,Tier4,Bonus:BONUS1,BONUS2
525.surf_angst_go,Tier4,Bonus:BONUS1,BONUS2,BONUS3
526.surf_arghmyeyes_retexture	Tier4
527.surf_artifex,Tier4,Bonus:BONUS1
528.surf_asrown-,Tier4,Bonus:BONUS1
529.surf_assail,Tier4,Bonus:BONUS1,BONUS2,BONUS3,BONUS4
530.surf_atlantis,Tier4,Bonus:BONUS1
531.surf_axil,Tier4,Bonus:BONUS1,BONUS2,BONUS3
532.surf_banana,Tier4,Bonus:BONUS1,BONUS2,BONUS3
533.surf_beyer,Tier4,Bonus:BONUS1
534.surf_beyer2,Tier4,Bonus:BONUS1,BONUS2,BONUS3,BONUS4,BONUS5
535.surf_blackside_njv,Tier4
536.surf_blub_njv,Tier4
537.surf_bonk,Tier4,Bonus:BONUS1,BONUS2
538.surf_bonus,Tier4
539.surf_brodderlands,Tier4,Bonus:BONUS1
540.surf_calamity2,Tier4
541.surf_calamity_njv_,Tier4
542.surf_calibration,Tier4,Bonus:BONUS1
543.surf_cannonball,Tier4,Bonus:BONUS1,BONUS2
544.surf_cement,Tier4,Bonus:BONUS1,BONUS2,BONUS3,BONUS4,BONUS5,BONUS6,BONUS7
545.surf_chasm_go,Tier4,Bonus:BONUS1,BONUS2,BONUS3,BONUS4
546.surf_chateau_fix,Tier4,Bonus:BONUS1,BONUS2,BONUS3
547.surf_christmas2_fix,Tier4,Bonus:BONUS1
548.surf_collaboration,Tier4
549.surf_collection_njv,Tier4
550.surf_compact,Tier4
551.surf_concretejungle,Tier4,Bonus:BONUS1,BONUS2,BONUS3,BONUS4,BONUS5
552.surf_consistenza_diversa,Tier4,Bonus:BONUS1,BONUS2
553.surf_constrictor_remix,Tier4,Bonus:BONUS1
554.surf_construction,Tier4,Bonus:BONUS1
555.surf_cordelia,Tier4
556.surf_cubic,Tier4
557.surf_curious,Tier4
558.surf_delta,Tier4,Bonus:BONUS1,BONUS2
559.surf_desolate,Tier4,Bonus:BONUS1,BONUS2,BONUS3
560.surf_discovery,Tier4
561.surf_divided_nsf,Tier4
562.surf_drifting_go,Tier4,Bonus:BONUS1
563.surf_dynamics_fixed,Tier4,Bonus:BONUS1
564.surf_efficacy,Tier4,Bonus:BONUS1,BONUS2,BONUS3
565.surf_ember2,Tier4,Bonus:BONUS1,BONUS2
566.surf_endeavor,Tier4,Bonus:BONUS1,BONUS2
567.surf_eryr,Tier4,Bonus:BONUS1,BONUS2,BONUS3
568.surf_eternal_beta,Tier4
569.surf_euphoria,Tier4
570.surf_exclave,Tier4
571.surf_exocube_m,Tier4
572.surf_exurbia2_csgo,Tier4,Bonus:BONUS1
573.surf_fabas,Tier4,Bonus:BONUS1,BONUS2,BONUS3,BONUS4
574.surf_finesse_final,Tier4
575.surf_fire_eye,Tier4
576.surf_forbidden_tomb2_njv,Tier4
577.surf_forbidden_tomb3,Tier4
578.surf_forbidden_tomb4_njv,Tier4
579.surf_fortress,Tier4,Bonus:BONUS1,BONUS2,BONUS3,BONUS4,BONUS5,BONUS6
580.surf_freedom-,Tier4
581.surf_fuckyou,Tier4,Bonus:BONUS1
582.surf_fungus,Tier4,Bonus:BONUS1,BONUS2,BONUS3,BONUS4,BONUS5
583.surf_gary_barlow,Tier4,Bonus:BONUS1,BONUS2
584.surf_germania,Tier4,Bonus:BONUS1,BONUS2
585.surf_ghost_busters,Tier4,Bonus:BONUS1
586.surf_glass5,Tier4,Bonus:BONUS1
587.surf_goldarn,Tier4,Bonus:BONUS1
588.surf_greenhouse,Tier4,Bonus:BONUS1
589.surf_halloween_fix,Tier4,Bonus:BONUS1,BONUS2
590.surf_happyhug,Tier4,Bonus:BONUS1,BONUS2,BONUS3,BONUS4
591.surf_hare,Tier4,Bonus:BONUS1,BONUS2
592.surf_hektik,Tier4,Bonus:BONUS1,BONUS2,BONUS3,BONUS4,BONUS5
593.surf_hero_fix,Tier4,Bonus:BONUS1,BONUS2,BONUS3,BONUS4,BONUS5
594.surf_highlands,Tier4,Bonus:BONUS1,BONUS2,BONUS3,BONUS4
595.surf_hope,Tier4,Bonus:BONUS1
596.surf_hunty,Tier4,Bonus:BONUS1
597.surf_illumination2,Tier4,Bonus:BONUS1,BONUS2,BONUS3
598.surf_inferno,Tier4,Bonus:BONUS1,BONUS2
599.surf_infrared,Tier4,Bonus:BONUS1,BONUS2,BONUS3,BONUS4,BONUS5
600.surf_inrage2,Tier4
601.surf_intense,Tier4,Bonus:BONUS1
602.surf_interceptor,Tier4
603.surf_intra,Tier4
604.surf_ixtab_njv,Tier4,Bonus:BONUS1
605.surf_jagerbomb,Tier4,Bonus:BONUS1,BONUS2
606.surf_jizznipples,Tier4
607.surf_koa,Tier4,Bonus:BONUS1
608.surf_lax,Tier4,Bonus:BONUS1,BONUS2,BONUS3
609.surf_lepidus,Tier4,Bonus:BONUS1
610.surf_life_of_cow,Tier4,Bonus:BONUS1,BONUS2
611.surf_limbo_go,Tier4,Bonus:BONUS1,BONUS2
612.surf_lost,Tier4,Bonus:BONUS1,BONUS2,BONUS3,BONUS4
613.surf_love,Tier4,Bonus:BONUS1
614.surf_loweffort,Tier4,Bonus:BONUS1
615.surf_lowestbidder,Tier4,Bonus:BONUS1
616.surf_mash-up,Tier4
617.surf_memories,Tier4,Bonus:BONUS1,BONUS2
618.surf_mephobia_final,Tier4,Bonus:BONUS1
619.surf_monolith,Tier4
620.surf_motion1_easy,Tier4
621.surf_mudkip_fix,Tier4,Bonus:BONUS1,BONUS2,BONUS3,BONUS4
622.surf_nemesis,Tier4,Bonus:BONUS1,BONUS2
623.surf_neoplasma_ksf,Tier4,Bonus:BONUS1,BONUS2
624.surf_neoteric,Tier4,Bonus:BONUS1,BONUS2,BONUS3,BONUS4
625.surf_nikolo,Tier4
626.surf_nocturn,Tier4,Bonus:BONUS1,BONUS2
627.surf_not_so_quick,Tier4,Bonus:BONUS1,BONUS2,BONUS3,BONUS4,BONUS5,BONUS6
628.surf_numbers2,Tier4,Bonus:BONUS1,BONUS2,BONUS3,BONUS4
629.surf_oompa2,Tier4,Bonus:BONUS1
630.surf_overgrowth,Tier4,Bonus:BONUS1,BONUS2
631.surf_parachutes,Tier4,Bonus:BONUS1,BONUS2
632.surf_paradigm,Tier4,Bonus:BONUS1,BONUS2,BONUS3
633.surf_petrus2,Tier4,Bonus:BONUS1,BONUS2
634.surf_placid,Tier4,Bonus:BONUS1
635.surf_pogchamp,Tier4
636.surf_polygon,Tier4,Bonus:BONUS1,BONUS2,BONUS3,BONUS4
637.surf_prosperity_v2,Tier4
638.surf_pyzire,Tier4,Bonus:BONUS1,BONUS2,BONUS3,BONUS4
639.surf_qlimax_q-,Tier4
640.surf_quarantine,Tier4,Bonus:BONUS1,BONUS2
641.surf_quartus_ksf,Tier4
642.surf_quattro-,Tier4
643.surf_ragequit_,Tier4
644.surf_rands,Tier4,Bonus:BONUS1,BONUS2,BONUS3
645.surf_resource,Tier4,Bonus:BONUS1,BONUS2,BONUS3,BONUS4
646.surf_revolution,Tier4,Bonus:BONUS1,BONUS2
647.surf_rez2,Tier4,Bonus:BONUS1,BONUS2,BONUS3,BONUS4
648.surf_rezurgence,Tier4,Bonus:BONUS1,BONUS2
649.surf_rgb,Tier4
650.surf_roman,Tier4,Bonus:BONUS1
651.surf_rst,Tier4,Bonus:BONUS1
652.surf_rstar,Tier4
653.surf_rubiks_cube,Tier4,Bonus:BONUS1,BONUS2
654.surf_runewords,Tier4,Bonus:BONUS1,BONUS2,BONUS3,BONUS4
655.surf_runewords2,Tier4,Bonus:BONUS1,BONUS2,BONUS3,BONUS4,BONUS5,BONUS6
656.surf_runewords2_lod,Tier4,Bonus:BONUS1,BONUS2,BONUS3,BONUS4,BONUS5,BONUS6
657.surf_sacrifice,Tier4,Bonus:BONUS1
658.surf_sandman_v2,Tier4
659.surf_savant_njv,Tier4,Bonus:BONUS1
660.surf_sc_colours,Tier4,Bonus:BONUS1
661.surf_secluded,Tier4,Bonus:BONUS1,BONUS2,BONUS3,BONUS4
662.surf_second_ksf,Tier4,Bonus:BONUS1
663.surf_selenka,Tier4,Bonus:BONUS1,BONUS2
664.surf_sempar_njv,Tier4,Bonus:BONUS1
665.surf_sensation,Tier4
666.surf_sentient,Tier4,Bonus:BONUS1
667.surf_serenity2,Tier4,Bonus:BONUS1,BONUS2,BONUS3,BONUS4,BONUS5
668.surf_sewers,Tier4
669.surf_sexplizooimed,Tier4,Bonus:BONUS1
670.surf_sexyartz_njv,Tier4
671.surf_shoria,Tier4,Bonus:BONUS1
672.surf_sippysip,Tier4,Bonus:BONUS1,BONUS2
673.surf_skill8_m,Tier4
674.surf_skyfall_final,Tier4,Bonus:BONUS1,BONUS2,BONUS3,BONUS4
675.surf_sluice2,Tier4,Bonus:BONUS1,BONUS2,BONUS3,BONUS4
676.surf_sluice_final,Tier4,Bonus:BONUS1,BONUS2,BONUS3,BONUS4,BONUS5
677.surf_solace,Tier4,Bonus:BONUS1,BONUS2,BONUS3
678.surf_stonework-,Tier4
679.surf_stonework2,Tier4,Bonus:BONUS1
680.surf_symbiosis_njv,Tier4
681.surf_synada,Tier4,Bonus:BONUS1,BONUS2,BONUS3
682.surf_taq_njv,Tier4
683.surf_techsune,Tier4,Bonus:BONUS1
684.surf_tensor,Tier4
685.surf_tequila,Tier4,Bonus:BONUS1,BONUS2,BONUS3,BONUS4
686.surf_theme,Tier4,Bonus:BONUS1,BONUS2,BONUS3
687.surf_trapped2,Tier4,Bonus:BONUS1,BONUS2
688.surf_triggered_hz,Tier4
689.surf_ultimate,Tier4
690.surf_underworld_go,Tier4
691.surf_unreal_njv,Tier4
692.surf_urban,Tier4
693.surf_vector_final,Tier4,Bonus:BONUS1
694.surf_vienna,Tier4,Bonus:BONUS1,BONUS2,BONUS3,BONUS4,BONUS5
695.surf_volcanic,Tier4,Bonus:BONUS1
696.surf_whoknows,Tier4,Bonus:BONUS1
697.surf_whoknows2,Tier4,Bonus:BONUS1
698.surf_whoknows3,Tier4,Bonus:BONUS1,BONUS2,BONUS3
699.surf_x,Tier4
700.surf_y,Tier4,Bonus:BONUS1,BONUS2,BONUS3
701.surf_z,Tier4,Bonus:BONUS1
702.surf_zeonine_fix,Tier5,Bonus:BONUS1,BONUS2
703.surf_25_lighters,Tier5,Bonus:BONUS1,BONUS2,BONUS3,BONUS4,BONUS5
704.surf_acerbus,Tier5
705.surf_again_njv,Tier5
706.surf_antimatter2,Tier5,Bonus:BONUS1,BONUS2,BONUS3,BONUS4,BONUS5
707.surf_aphelion,Tier5,Bonus:BONUS1,BONUS2,BONUS3,BONUS4,BONUS5,BONUS6
708.surf_apollonian,Tier5
709.surf_aux,Tier5,Bonus:BONUS1,BONUS2
710.surf_brutalist,Tier5,Bonus:BONUS1
711.surf_castlewalls,Tier5,Bonus:BONUS1,BONUS2
712.surf_celestial,Tier5,Bonus:BONUS1,BONUS2,BONUS3
713.surf_cinnamon,Tier5,Bonus:BONUS1,BONUS2,BONUS3
714.surf_clavius,Tier5
715.surf_conserve,Tier5
716.surf_core_fix,Tier5,Bonus:BONUS1,BONUS2,BONUS3
717.surf_crush,Tier5,Bonus:BONUS1
718.surf_damn,Tier5,Bonus:BONUS1,BONUS2
719.surf_death_of_a_martian,Tier5,Bonus:BONUS1
720.surf_diamond_beta1,Tier5,Bonus:BONUS1
721.surf_dionysus,Tier5
722.surf_disaster,Tier5,Bonus:BONUS1,BONUS2
723.surf_disneyland,Tier5
724.surf_drift_go,Tier5
725.surf_edge,Tier5,Bonus:BONUS1,BONUS2,BONUS3
726.surf_elysium,Tier5,Bonus:BONUS1
727.surf_elysium2,Tier5,Bonus:BONUS1
728.surf_elysium3,Tier5,Bonus:BONUS1,BONUS2
729.surf_elysium4,Tier5,Bonus:BONUS1,BONUS2,BONUS3
730.surf_entropy_hardmode,Tier5
731.surf_eon,Tier5,Bonus:BONUS1,BONUS2,BONUS3
732.surf_epiphany,Tier5,Bonus:BONUS1,BONUS2,BONUS3,BONUS4
733.surf_eryr2,Tier5,Bonus:BONUS1,BONUS2,BONUS3
734.surf_exile_njv,Tier5
735.surf_exocube_h,Tier5
736.surf_extremex2_5_njv,Tier5,Bonus:BONUS1,BONUS2
737.surf_feudal,Tier5
738.surf_flappybird,Tier5,Bonus:BONUS1
739.surf_forsaken_fix,Tier5,Bonus:BONUS1,BONUS2
740.surf_freaky,Tier5
741.surf_froots2_2,Tier5,Bonus:BONUS1,BONUS2,BONUS3,BONUS4,BONUS5,BONUS6,BONUS7
742.surf_garden_h_go,Tier5,Bonus:BONUS1,BONUS2,BONUS3
743.surf_grid,Tier5,Bonus:BONUS1,BONUS2,BONUS3,BONUS4
744.surf_gurus_njv,Tier5
745.surf_helloworld,Tier5,Bonus:BONUS1,BONUS2,BONUS3
746.surf_hollow,Tier5,Bonus:BONUS1,BONUS2
747.surf_infamous_ksf,Tier5,Bonus:BONUS1
748.surf_infected_h,Tier5
749.surf_innokia,Tier5,Bonus:BONUS1,BONUS2,BONUS3
750.surf_izded,Tier5,Bonus:BONUS1,BONUS2,BONUS3
751.surf_kairo,Tier5,Bonus:BONUS1,BONUS2,BONUS3,BONUS4,BONUS5,BONUS6
752.surf_kalium2,Tier5
753.surf_lab,Tier5,Bonus:BONUS1,BONUS2
754.surf_legendary,Tier5
755.surf_loentra,Tier5,Bonus:BONUS1,BONUS2
756.surf_lolrevlis,Tier5,Bonus:BONUS1
757.surf_lolwhut,Tier5
758.surf_map_njv,Tier5,Bonus:BONUS1
759.surf_marah,Tier5
760.surf_mdrn,Tier5,Bonus:BONUS1,BONUS2,BONUS3,BONUS4
761.surf_metallic,Tier5
762.surf_minecraft,Tier5,Bonus:BONUS1,BONUS2
763.surf_misc,Tier5
764.surf_motion1,Tier5
765.surf_nascent_csgo,Tier5
766.surf_nesquik,Tier5,Bonus:BONUS1,BONUS2,BONUS3,BONUS4,BONUS5,BONUS6
767.surf_nightmare,Tier5,Bonus:BONUS1
768.surf_nostromo_csgo,Tier5,Bonus:BONUS1,BONUS2
769.surf_numbers,Tier5,Bonus:BONUS1,BONUS2
770.surf_nyze,Tier5,Bonus:BONUS1,BONUS2
771.surf_our,Tier5,Bonus:BONUS1,BONUS2,BONUS3,BONUS4
772.surf_overgrowth2,Tier5,Bonus:BONUS1,BONUS2
773.surf_polonia,Tier5,Bonus:BONUS1,BONUS2
774.surf_polytron,Tier5,Bonus:BONUS1
775.surf_primero,Tier5,Bonus:BONUS1
776.surf_quest_sneak,Tier5,Bonus:BONUS1,BONUS2,BONUS3
777.surf_remeanian,Tier5,Bonus:BONUS1,BONUS2,BONUS3,BONUS4,BONUS5,BONUS6,BONUS7,BONUS8,BONUS9,BONUS10
778.surf_reprise_h,Tier5
779.surf_rewind,Tier5,Bonus:BONUS1,BONUS2,BONUS3,BONUS4
780.surf_rustic_v2,Tier5,Bonus:BONUS1
781.surf_salient,Tier5,Bonus:BONUS1,BONUS2
782.surf_salient2,Tier5,Bonus:BONUS1,BONUS2
783.surf_salvation,Tier5,Bonus:BONUS1,BONUS2
784.surf_seraph,Tier5,Bonus:BONUS1
785.surf_shady_h,Tier5
786.surf_shambles,Tier5,Bonus:BONUS1,BONUS2,BONUS3
787.surf_spectra,Tier5,Bonus:BONUS1,BONUS2
788.surf_stitched,Tier5,Bonus:BONUS1
789.surf_stoneage,Tier5,Bonus:BONUS1
790.surf_stonework3,Tier5
791.surf_strike,Tier5,Bonus:BONUS1
792.surf_sunset2_fix,Tier5,Bonus:BONUS1
793.surf_technique,Tier5,Bonus:BONUS1,BONUS2,BONUS3,BONUS4,BONUS5
794.surf_theodor,Tier5
795.surf_thesteve,Tier5,Bonus:BONUS1,BONUS2,BONUS3
796.surf_the_distance,Tier5,Bonus:BONUS1,BONUS2,BONUS3,BONUS4
797.surf_timewarp,Tier5
798.surf_transient,Tier5,Bonus:BONUS1
799.surf_trapped,Tier5,Bonus:BONUS1,BONUS2
800.surf_treefort,Tier5
801.surf_tronic_njv,Tier5,Bonus:BONUS1,BONUS2
802.surf_tundra,Tier5,Bonus:BONUS1
803.surf_tycho,Tier5,Bonus:BONUS1,BONUS2,BONUS3,BONUS4
804.surf_unreal2,Tier5,Bonus:BONUS1,BONUS2
805.surf_unusual_njv,Tier6
806.surf_666,Tier6,Bonus:BONUS1,BONUS2,BONUS3,BONUS4,BONUS5,BONUS6
807.surf_alpha,Tier6
808.surf_amaro_fix,Tier6,Bonus:BONUS1
809.surf_anubis,Tier6,Bonus:BONUS1,BONUS2,BONUS3,BONUS4,BONUS5,BONUS6,BONUS7,BONUS8,BONUS9
810.surf_autonomy,Tier6,Bonus:BONUS1
811.surf_before,Tier6,Bonus:BONUS1
812.surf_blackheart,Tier6,Bonus:BONUS1,BONUS2,BONUS3
813.surf_bugs,Tier6,Bonus:BONUS1,BONUS2,BONUS3,BONUS4,BONUS5,BONUS6
814.surf_bullet_csgo,Tier6,Bonus:BONUS1
815.surf_corruption,Tier6,Bonus:BONUS1,BONUS2,BONUS3,BONUS4,BONUS5,BONUS6
816.surf_crimson,Tier6,Bonus:BONUS1,BONUS2,BONUS3
817.surf_crush2,Tier6,Bonus:BONUS1
818.surf_devil,Tier6,Bonus:BONUS1
819.surf_embrace,Tier6,Bonus:BONUS1,BONUS2,BONUS3,BONUS4,BONUS5,BONUS6
820.surf_exonic,Tier6,Bonus:BONUS1,BONUS2,BONUS3
821.surf_gettingharder,Tier6
822.surf_gloomy,Tier6,Bonus:BONUS1,BONUS2,BONUS3,BONUS4
823.surf_goliath,Tier6,Bonus:BONUS1,BONUS2,BONUS3,BONUS4
824.surf_hades,Tier6,Bonus:BONUS1,BONUS2
825.surf_hades2,Tier6,Bonus:BONUS1,BONUS2,BONUS3,BONUS4,BONUS5
826.surf_hardline,Tier6,Bonus:BONUS1,BONUS2,BONUS3,BONUS4
827.surf_jumble_v2,Tier6,Bonus:BONUS1,BONUS2,BONUS3,BONUS4
828.surf_jusched,Tier6
829.surf_kultur,Tier6,Bonus:BONUS1,BONUS2,BONUS3,BONUS4,BONUS5,BONUS6
830.surf_looksmodern,Tier6
831.surf_lt_omnific_fix,Tier6,Bonus:BONUS1,BONUS2,BONUS3
832.surf_map_h,Tier6
833.surf_north,Tier6,Bonus:BONUS1,BONUS2,BONUS3,BONUS4
834.surf_not_so_funhouse,Tier6,Bonus:BONUS1,BONUS2
835.surf_not_so_zen_fix,Tier6,Bonus:BONUS1,BONUS2,BONUS3,BONUS4,BONUS5,BONUS6
836.surf_offskill,Tier6,Bonus:BONUS1
837.surf_original,Tier6,Bonus:BONUS1
838.surf_perihelion,Tier6,Bonus:BONUS1,BONUS2,BONUS3,BONUS4
839.surf_pls,Tier6,Bonus:BONUS1,BONUS2,BONUS3,BONUS4,BONUS5,BONUS6,BONUS7,BONUS8,BONUS9,BONUS10,BONUS11
840.surf_pyrism_njv,Tier6
841.surf_raphaello,Tier6,Bonus:BONUS1,BONUS2
842.surf_replicant,Tier6,Bonus:BONUS1
843.surf_royal,Tier6
844.surf_shade,Tier6,Bonus:BONUS1,BONUS2,BONUS3,BONUS4,BONUS5,BONUS6,BONUS7
845.surf_shibboleth,Tier6,Bonus:BONUS1,BONUS2,BONUS3,BONUS4,BONUS5,BONUS6,BONUS7,BONUS8
846.surf_shodan,Tier6,Bonus:BONUS1,BONUS2,BONUS3,BONUS4,BONUS5,BONUS6,BONUS7,BONUS8,BONUS9,BONUS10
847.surf_sinister2_csgo,Tier6,Bonus:BONUS1,BONUS2
848.surf_sinister_evil,Tier6,Bonus:BONUS1
849.surf_sinsane2_fix,Tier6
850.surf_sinsane_ksf,Tier6,Bonus:BONUS1,BONUS2
851.surf_skill8_h,Tier6
852.surf_stonework4,Tier6
853.surf_syria_again_,Tier6
854.surf_tensor2,Tier6,Bonus:BONUS1,BONUS2,BONUS3,BONUS4,BONUS5,BONUS6
855.surf_treespam,Tier6
856.surf_unitflex,Tier6,Bonus:BONUS1,BONUS2,BONUS3
857.surf_valpect,Tier6,Bonus:BONUS1,BONUS2
858.surf_vast,Tier6,Bonus:BONUS1
859.surf_whynot,Tier6,Bonus:BONUS1,BONUS2
860.surf_whynot2,Tier6,Bonus:BONUS1,BONUS2
861.surf_zen,Tier6,Bonus:BONUS1,BONUS2,BONUS3